  Application.cpp
c:\users\kimjungrye\desktop\swe\se\project\generalmember.h(18): error C2061: 구문 오류: 식별자 'Application'
c:\users\kimjungrye\desktop\swe\se\project\generalmember.h(19): error C2143: 구문 오류: ';'이(가) '*' 앞에 없습니다.
c:\users\kimjungrye\desktop\swe\se\project\generalmember.h(19): error C4430: 형식 지정자가 없습니다. int로 가정합니다. 참고: C++에서는 기본 int를 지원하지 않습니다.
c:\users\kimjungrye\desktop\swe\se\project\generalmember.h(19): error C2238: ';' 앞에 예기치 않은 토큰이 있습니다.
c:\users\kimjungrye\desktop\swe\se\project\generalmember.h(23): error C3646: 'applicationList': 알 수 없는 재정의 지정자입니다.
c:\users\kimjungrye\desktop\swe\se\project\generalmember.h(23): error C2143: 구문 오류: ','이(가) '[' 앞에 없습니다.
c:\users\kimjungrye\desktop\swe\se\project\generalmember.h(23): error C2143: 구문 오류: ')'이(가) ';' 앞에 없습니다.
c:\users\kimjungrye\desktop\swe\se\project\generalmember.h(23): error C2238: ';' 앞에 예기치 않은 토큰이 있습니다.
  ApplicationManagement.cpp
c:\users\kimjungrye\desktop\swe\se\project\generalmember.h(18): error C2061: 구문 오류: 식별자 'Application'
c:\users\kimjungrye\desktop\swe\se\project\generalmember.h(19): error C2143: 구문 오류: ';'이(가) '*' 앞에 없습니다.
c:\users\kimjungrye\desktop\swe\se\project\generalmember.h(19): error C4430: 형식 지정자가 없습니다. int로 가정합니다. 참고: C++에서는 기본 int를 지원하지 않습니다.
c:\users\kimjungrye\desktop\swe\se\project\generalmember.h(19): error C2238: ';' 앞에 예기치 않은 토큰이 있습니다.
c:\users\kimjungrye\desktop\swe\se\project\generalmember.h(23): error C3646: 'applicationList': 알 수 없는 재정의 지정자입니다.
c:\users\kimjungrye\desktop\swe\se\project\generalmember.h(23): error C2143: 구문 오류: ','이(가) '[' 앞에 없습니다.
c:\users\kimjungrye\desktop\swe\se\project\generalmember.h(23): error C2143: 구문 오류: ')'이(가) ';' 앞에 없습니다.
c:\users\kimjungrye\desktop\swe\se\project\generalmember.h(23): error C2238: ';' 앞에 예기치 않은 토큰이 있습니다.
c:\users\kimjungrye\desktop\swe\se\project\applicationmanagement.cpp(25): error C2440: '초기화 중': 'Statistic *'에서 'Statistic'(으)로 변환할 수 없습니다.
  c:\users\kimjungrye\desktop\swe\se\project\applicationmanagement.cpp(25): note: 소스 형식을 가져올 수 있는 생성자가 없거나 생성자 오버로드 확인이 모호합니다.
c:\users\kimjungrye\desktop\swe\se\project\applicationmanagement.cpp(31): error C2556: 'Recruitment *ApplicationManagement::showSearchResult(std::string,RecruitmentList *)': 오버로드된 함수가 'void ApplicationManagement::showSearchResult(std::string,RecruitmentList *)'과(와) 반환 형식만 다릅니다.
  c:\users\kimjungrye\desktop\swe\se\project\applicationmanagement.h(24): note: 'ApplicationManagement::showSearchResult' 선언을 참조하십시오.
c:\users\kimjungrye\desktop\swe\se\project\applicationmanagement.cpp(31): error C2040: 'ApplicationManagement::showSearchResult': 'Recruitment *(std::string,RecruitmentList *)'의 간접 참조 수준이 'void (std::string,RecruitmentList *)'과(와) 다릅니다.
c:\users\kimjungrye\desktop\swe\se\project\applicationmanagement.cpp(35): error C2039: 'companyName': 'RecruitmentList'의 멤버가 아닙니다.
  c:\users\kimjungrye\desktop\swe\se\project\recruitmentlist.h(9): note: 'RecruitmentList' 선언을 참조하십시오.
c:\users\kimjungrye\desktop\swe\se\project\applicationmanagement.cpp(37): error C2039: 'businessNumber': 'RecruitmentList'의 멤버가 아닙니다.
  c:\users\kimjungrye\desktop\swe\se\project\recruitmentlist.h(9): note: 'RecruitmentList' 선언을 참조하십시오.
c:\users\kimjungrye\desktop\swe\se\project\applicationmanagement.cpp(38): error C2679: 이항 '+=': 오른쪽 피연산자로 'RecruitmentList' 형식을 사용하는 연산자가 없거나 허용되는 변환이 없습니다.
  c:\program files (x86)\microsoft visual studio\2017\community\vc\tools\msvc\14.16.27023\include\xstring(2530): note: 'std::basic_string<char,std::char_traits<char>,std::allocator<char>> &std::basic_string<char,std::char_traits<char>,std::allocator<char>>::operator +=(_Elem)'일 수 있습니다.
          with
          [
              _Elem=char
          ]
  c:\program files (x86)\microsoft visual studio\2017\community\vc\tools\msvc\14.16.27023\include\xstring(2525): note: 또는       'std::basic_string<char,std::char_traits<char>,std::allocator<char>> &std::basic_string<char,std::char_traits<char>,std::allocator<char>>::operator +=(const _Elem *const )'
          with
          [
              _Elem=char
          ]
  c:\program files (x86)\microsoft visual studio\2017\community\vc\tools\msvc\14.16.27023\include\xstring(2511): note: 또는       'std::basic_string<char,std::char_traits<char>,std::allocator<char>> &std::basic_string<char,std::char_traits<char>,std::allocator<char>>::operator +=(const std::basic_string<char,std::char_traits<char>,std::allocator<char>> &)'
  c:\program files (x86)\microsoft visual studio\2017\community\vc\tools\msvc\14.16.27023\include\xstring(2430): note: 또는       'std::basic_string<char,std::char_traits<char>,std::allocator<char>> &std::basic_string<char,std::char_traits<char>,std::allocator<char>>::operator +=(std::initializer_list<_Elem>)'
          with
          [
              _Elem=char
          ]
  c:\users\kimjungrye\desktop\swe\se\project\applicationmanagement.cpp(38): note: 인수 목록 '(std::string, RecruitmentList)'을(를) 일치시키는 동안
c:\users\kimjungrye\desktop\swe\se\project\applicationmanagement.cpp(38): error C2146: 구문 오류: ';'이(가) 'getRecruitmentInfo' 식별자 앞에 없습니다.
c:\users\kimjungrye\desktop\swe\se\project\applicationmanagement.cpp(38): error C3861: 'getRecruitmentInfo': 식별자를 찾을 수 없습니다.
c:\users\kimjungrye\desktop\swe\se\project\applicationmanagement.cpp(42): error C2440: '=': 'RecruitmentList'에서 'Recruitment *'(으)로 변환할 수 없습니다.
  c:\users\kimjungrye\desktop\swe\se\project\applicationmanagement.cpp(42): note: 이 변환을 수행할 수 있는 사용 가능한 사용자 정의 변환 연산자가 없거나 연산자를 호출할 수 없습니다.
c:\users\kimjungrye\desktop\swe\se\project\applicationmanagement.cpp(42): error C2143: 구문 오류: ';'이(가) '}' 앞에 없습니다.
c:\users\kimjungrye\desktop\swe\se\project\applicationmanagement.cpp(59): error C2440: '초기화 중': 'Application *'에서 'Application'(으)로 변환할 수 없습니다.
  c:\users\kimjungrye\desktop\swe\se\project\applicationmanagement.cpp(59): note: 소스 형식을 가져올 수 있는 생성자가 없거나 생성자 오버로드 확인이 모호합니다.
c:\users\kimjungrye\desktop\swe\se\project\applicationmanagement.cpp(60): error C2100: 간접 참조가 잘못되었습니다.
  ApplicationManageUI.cpp
c:\users\kimjungrye\desktop\swe\se\project\applicationmanageui.cpp(13): error C2065: 'GeneralMember': 선언되지 않은 식별자입니다.
c:\users\kimjungrye\desktop\swe\se\project\applicationmanageui.cpp(13): error C2065: 'mem': 선언되지 않은 식별자입니다.
c:\users\kimjungrye\desktop\swe\se\project\applicationmanageui.cpp(13): error C2761: 'void ApplicationManageUI::selectApplyInfo(void)': 멤버를 재선언할 수 없습니다.
c:\users\kimjungrye\desktop\swe\se\project\applicationmanageui.cpp(13): error C2448: 'ApplicationManageUI::selectApplyInfo': 함수 스타일 이니셜라이저가 함수 정의처럼 나타납니다.
c:\users\kimjungrye\desktop\swe\se\project\applicationmanageui.cpp(21): error C2065: 'RecruitmentList': 선언되지 않은 식별자입니다.
c:\users\kimjungrye\desktop\swe\se\project\applicationmanageui.cpp(21): error C2065: 'RList': 선언되지 않은 식별자입니다.
c:\users\kimjungrye\desktop\swe\se\project\applicationmanageui.cpp(21): error C2761: 'void ApplicationManageUI::selectApplyStatistic(void)': 멤버를 재선언할 수 없습니다.
c:\users\kimjungrye\desktop\swe\se\project\applicationmanageui.cpp(21): error C2448: 'ApplicationManageUI::selectApplyStatistic': 함수 스타일 이니셜라이저가 함수 정의처럼 나타납니다.
c:\users\kimjungrye\desktop\swe\se\project\applicationmanageui.cpp(28): error C2065: 'GeneralMember': 선언되지 않은 식별자입니다.
c:\users\kimjungrye\desktop\swe\se\project\applicationmanageui.cpp(28): error C2065: 'mem': 선언되지 않은 식별자입니다.
c:\users\kimjungrye\desktop\swe\se\project\applicationmanageui.cpp(28): error C2761: 'void ApplicationManageUI::selectCancelApply(void)': 멤버를 재선언할 수 없습니다.
c:\users\kimjungrye\desktop\swe\se\project\applicationmanageui.cpp(28): error C2448: 'ApplicationManageUI::selectCancelApply': 함수 스타일 이니셜라이저가 함수 정의처럼 나타납니다.
c:\users\kimjungrye\desktop\swe\se\project\applicationmanageui.cpp(38): error C2065: 'string': 선언되지 않은 식별자입니다.
c:\users\kimjungrye\desktop\swe\se\project\applicationmanageui.cpp(38): error C2146: 구문 오류: ')'이(가) 'companyName' 식별자 앞에 없습니다.
c:\users\kimjungrye\desktop\swe\se\project\applicationmanageui.cpp(38): error C2143: 구문 오류: ';'이(가) '{' 앞에 없습니다.
c:\users\kimjungrye\desktop\swe\se\project\applicationmanageui.cpp(38): error C2447: '{': 함수 헤더가 없습니다. 이전 스타일의 형식 목록입니까?
c:\users\kimjungrye\desktop\swe\se\project\applicationmanageui.cpp(48): error C2065: 'GeneralMember': 선언되지 않은 식별자입니다.
c:\users\kimjungrye\desktop\swe\se\project\applicationmanageui.cpp(48): error C2065: 'GM': 선언되지 않은 식별자입니다.
c:\users\kimjungrye\desktop\swe\se\project\applicationmanageui.cpp(48): error C2062: 예기치 않은 'int' 형식입니다.
c:\users\kimjungrye\desktop\swe\se\project\applicationmanageui.cpp(48): error C2143: 구문 오류: ';'이(가) '{' 앞에 없습니다.
c:\users\kimjungrye\desktop\swe\se\project\applicationmanageui.cpp(48): error C2447: '{': 함수 헤더가 없습니다. 이전 스타일의 형식 목록입니까?
  CompanyMember.cpp
c:\users\kimjungrye\desktop\swe\se\project\companymember.cpp(12): error C2512: 'Member': 사용할 수 있는 적절한 기본 생성자가 없습니다.
  c:\users\kimjungrye\desktop\swe\se\project\member.h(12): note: 'Member' 선언을 참조하십시오.
c:\users\kimjungrye\desktop\swe\se\project\companymember.cpp(15): error C2679: 이항 '=': 오른쪽 피연산자로 'RecruitmentList *' 형식을 사용하는 연산자가 없거나 허용되는 변환이 없습니다.
  c:\users\kimjungrye\desktop\swe\se\project\recruitmentlist.h(20): note: 'RecruitmentList &RecruitmentList::operator =(RecruitmentList &&)'일 수 있습니다.
  c:\users\kimjungrye\desktop\swe\se\project\recruitmentlist.h(20): note: 또는       'RecruitmentList &RecruitmentList::operator =(const RecruitmentList &)'
  c:\users\kimjungrye\desktop\swe\se\project\companymember.cpp(15): note: 인수 목록 '(RecruitmentList, RecruitmentList *)'을(를) 일치시키는 동안
  GeneralMember.cpp
c:\users\kimjungrye\desktop\swe\se\project\generalmember.cpp(12): error C2512: 'Member': 사용할 수 있는 적절한 기본 생성자가 없습니다.
  c:\users\kimjungrye\desktop\swe\se\project\member.h(12): note: 'Member' 선언을 참조하십시오.
c:\users\kimjungrye\desktop\swe\se\project\generalmember.cpp(12): error C2512: 'Application': 사용할 수 있는 적절한 기본 생성자가 없습니다.
  c:\users\kimjungrye\desktop\swe\se\project\application.h(14): note: 'Application' 선언을 참조하십시오.
c:\users\kimjungrye\desktop\swe\se\project\generalmember.cpp(21): error C2679: 이항 '=': 오른쪽 피연산자로 'Application *' 형식을 사용하는 연산자가 없거나 허용되는 변환이 없습니다.
  c:\users\kimjungrye\desktop\swe\se\project\application.h(29): note: 'Application &Application::operator =(Application &&)'일 수 있습니다.
  c:\users\kimjungrye\desktop\swe\se\project\application.h(29): note: 또는       'Application &Application::operator =(const Application &)'
  c:\users\kimjungrye\desktop\swe\se\project\generalmember.cpp(21): note: 인수 목록 '(Application, Application *)'을(를) 일치시키는 동안
c:\users\kimjungrye\desktop\swe\se\project\generalmember.cpp(29): error C2556: 'Application **GeneralMember::listApplication(void)': 오버로드된 함수가 'Application *GeneralMember::listApplication(void)'과(와) 반환 형식만 다릅니다.
  c:\users\kimjungrye\desktop\swe\se\project\generalmember.h(19): note: 'GeneralMember::listApplication' 선언을 참조하십시오.
c:\users\kimjungrye\desktop\swe\se\project\generalmember.cpp(29): error C2040: 'GeneralMember::listApplication': 'Application **(void)'의 간접 참조 수준이 'Application *(void)'과(와) 다릅니다.
c:\users\kimjungrye\desktop\swe\se\project\generalmember.cpp(30): error C2297: '->*': 오른쪽 피연산자 형식으로 'Application [32]'을(를) 사용할 수 없습니다.
  MemberManagement.cpp
c:\users\kimjungrye\desktop\swe\se\project\membermanagement.cpp(16): error C2039: 'checkID': 'MemberManagement'의 멤버가 아닙니다.
  c:\users\kimjungrye\desktop\swe\se\project\membermanagement.h(9): note: 'MemberManagement' 선언을 참조하십시오.
c:\users\kimjungrye\desktop\swe\se\project\membermanagement.cpp(16): error C2065: 'Member': 선언되지 않은 식별자입니다.
c:\users\kimjungrye\desktop\swe\se\project\membermanagement.cpp(16): error C2065: 'mem': 선언되지 않은 식별자입니다.
c:\users\kimjungrye\desktop\swe\se\project\membermanagement.cpp(16): error C2065: 'string': 선언되지 않은 식별자입니다.
c:\users\kimjungrye\desktop\swe\se\project\membermanagement.cpp(16): error C2146: 구문 오류: ')'이(가) 'id' 식별자 앞에 없습니다.
c:\users\kimjungrye\desktop\swe\se\project\membermanagement.cpp(16): error C2143: 구문 오류: ';'이(가) '{' 앞에 없습니다.
c:\users\kimjungrye\desktop\swe\se\project\membermanagement.cpp(16): error C2447: '{': 함수 헤더가 없습니다. 이전 스타일의 형식 목록입니까?
c:\users\kimjungrye\desktop\swe\se\project\membermanagement.cpp(21): error C2039: 'logOut': 'MemberManagement'의 멤버가 아닙니다.
  c:\users\kimjungrye\desktop\swe\se\project\membermanagement.h(9): note: 'MemberManagement' 선언을 참조하십시오.
c:\users\kimjungrye\desktop\swe\se\project\membermanagement.cpp(21): error C2065: 'Member': 선언되지 않은 식별자입니다.
c:\users\kimjungrye\desktop\swe\se\project\membermanagement.cpp(21): error C2065: 'mem': 선언되지 않은 식별자입니다.
c:\users\kimjungrye\desktop\swe\se\project\membermanagement.cpp(21): error C2182: 'logOut': 'void' 형식을 잘못 사용했습니다.
c:\users\kimjungrye\desktop\swe\se\project\membermanagement.cpp(21): error C2448: 'logOut': 함수 스타일 이니셜라이저가 함수 정의처럼 나타납니다.
c:\users\kimjungrye\desktop\swe\se\project\membermanagement.cpp(26): error C2039: 'signOut': 'MemberManagement'의 멤버가 아닙니다.
  c:\users\kimjungrye\desktop\swe\se\project\membermanagement.h(9): note: 'MemberManagement' 선언을 참조하십시오.
c:\users\kimjungrye\desktop\swe\se\project\membermanagement.cpp(26): error C2065: 'Member': 선언되지 않은 식별자입니다.
c:\users\kimjungrye\desktop\swe\se\project\membermanagement.cpp(26): error C2065: 'mem': 선언되지 않은 식별자입니다.
c:\users\kimjungrye\desktop\swe\se\project\membermanagement.cpp(26): error C2065: 'memList': 선언되지 않은 식별자입니다.
c:\users\kimjungrye\desktop\swe\se\project\membermanagement.cpp(26): error C2182: 'signOut': 'void' 형식을 잘못 사용했습니다.
c:\users\kimjungrye\desktop\swe\se\project\membermanagement.cpp(26): error C2448: 'signOut': 함수 스타일 이니셜라이저가 함수 정의처럼 나타납니다.
c:\users\kimjungrye\desktop\swe\se\project\membermanagement.cpp(39): error C2039: 'signUp': 'MemberManagement'의 멤버가 아닙니다.
  c:\users\kimjungrye\desktop\swe\se\project\membermanagement.h(9): note: 'MemberManagement' 선언을 참조하십시오.
c:\users\kimjungrye\desktop\swe\se\project\membermanagement.cpp(39): error C2061: 구문 오류: 식별자 'string'
c:\users\kimjungrye\desktop\swe\se\project\membermanagement.cpp(41): error C2065: 'Member': 선언되지 않은 식별자입니다.
c:\users\kimjungrye\desktop\swe\se\project\membermanagement.cpp(41): error C2146: 구문 오류: ';'이(가) 'mem' 식별자 앞에 없습니다.
c:\users\kimjungrye\desktop\swe\se\project\membermanagement.cpp(41): error C2065: 'mem': 선언되지 않은 식별자입니다.
c:\users\kimjungrye\desktop\swe\se\project\membermanagement.cpp(41): error C2061: 구문 오류: 식별자 'CompanyMember'
c:\users\kimjungrye\desktop\swe\se\project\membermanagement.cpp(42): error C2065: 'memList': 선언되지 않은 식별자입니다.
c:\users\kimjungrye\desktop\swe\se\project\membermanagement.cpp(42): error C2065: 'numOfMembers': 선언되지 않은 식별자입니다.
c:\users\kimjungrye\desktop\swe\se\project\membermanagement.cpp(42): error C2065: 'mem': 선언되지 않은 식별자입니다.
c:\users\kimjungrye\desktop\swe\se\project\membermanagement.cpp(45): error C2065: 'Member': 선언되지 않은 식별자입니다.
c:\users\kimjungrye\desktop\swe\se\project\membermanagement.cpp(45): error C2146: 구문 오류: ';'이(가) 'mem' 식별자 앞에 없습니다.
c:\users\kimjungrye\desktop\swe\se\project\membermanagement.cpp(45): error C2065: 'mem': 선언되지 않은 식별자입니다.
c:\users\kimjungrye\desktop\swe\se\project\membermanagement.cpp(45): error C2061: 구문 오류: 식별자 'GeneralMember'
c:\users\kimjungrye\desktop\swe\se\project\membermanagement.cpp(46): error C2065: 'memList': 선언되지 않은 식별자입니다.
c:\users\kimjungrye\desktop\swe\se\project\membermanagement.cpp(46): error C2065: 'numOfMembers': 선언되지 않은 식별자입니다.
c:\users\kimjungrye\desktop\swe\se\project\membermanagement.cpp(46): error C2065: 'mem': 선언되지 않은 식별자입니다.
c:\users\kimjungrye\desktop\swe\se\project\membermanagement.cpp(49): error C2065: 'cout': 선언되지 않은 식별자입니다.
c:\users\kimjungrye\desktop\swe\se\project\membermanagement.cpp(49): error C2065: 'endl': 선언되지 않은 식별자입니다.
  MemberManagementUI.cpp
c:\users\kimjungrye\desktop\swe\se\project\membermanagementui.cpp(13): error C2065: 'Member': 선언되지 않은 식별자입니다.
c:\users\kimjungrye\desktop\swe\se\project\membermanagementui.cpp(13): error C2065: 'mem': 선언되지 않은 식별자입니다.
c:\users\kimjungrye\desktop\swe\se\project\membermanagementui.cpp(13): error C2761: 'void MemberManagementUI::SelectLogIn(void)': 멤버를 재선언할 수 없습니다.
c:\users\kimjungrye\desktop\swe\se\project\membermanagementui.cpp(13): error C2448: 'MemberManagementUI::SelectLogIn': 함수 스타일 이니셜라이저가 함수 정의처럼 나타납니다.
c:\users\kimjungrye\desktop\swe\se\project\membermanagementui.cpp(37): error C2039: 'selectLogOut': 'MemberManagementUI'의 멤버가 아닙니다.
  c:\users\kimjungrye\desktop\swe\se\project\membermanagementui.h(9): note: 'MemberManagementUI' 선언을 참조하십시오.
c:\users\kimjungrye\desktop\swe\se\project\membermanagementui.cpp(37): error C2065: 'Member': 선언되지 않은 식별자입니다.
c:\users\kimjungrye\desktop\swe\se\project\membermanagementui.cpp(37): error C2065: 'mem': 선언되지 않은 식별자입니다.
c:\users\kimjungrye\desktop\swe\se\project\membermanagementui.cpp(37): error C2448: 'selectLogOut': 함수 스타일 이니셜라이저가 함수 정의처럼 나타납니다.
c:\users\kimjungrye\desktop\swe\se\project\membermanagementui.cpp(47): error C2039: 'selectSignOut': 'MemberManagementUI'의 멤버가 아닙니다.
  c:\users\kimjungrye\desktop\swe\se\project\membermanagementui.h(9): note: 'MemberManagementUI' 선언을 참조하십시오.
c:\users\kimjungrye\desktop\swe\se\project\membermanagementui.cpp(47): error C2065: 'Member': 선언되지 않은 식별자입니다.
c:\users\kimjungrye\desktop\swe\se\project\membermanagementui.cpp(47): error C2065: 'mem': 선언되지 않은 식별자입니다.
c:\users\kimjungrye\desktop\swe\se\project\membermanagementui.cpp(47): error C2065: 'memList': 선언되지 않은 식별자입니다.
c:\users\kimjungrye\desktop\swe\se\project\membermanagementui.cpp(47): error C2182: 'selectSignOut': 'void' 형식을 잘못 사용했습니다.
c:\users\kimjungrye\desktop\swe\se\project\membermanagementui.cpp(47): error C2448: 'selectSignOut': 함수 스타일 이니셜라이저가 함수 정의처럼 나타납니다.
c:\users\kimjungrye\desktop\swe\se\project\membermanagementui.cpp(53): error C2039: 'selectSignUp': 'MemberManagementUI'의 멤버가 아닙니다.
  c:\users\kimjungrye\desktop\swe\se\project\membermanagementui.h(9): note: 'MemberManagementUI' 선언을 참조하십시오.
c:\users\kimjungrye\desktop\swe\se\project\membermanagementui.cpp(53): error C2065: 'Member': 선언되지 않은 식별자입니다.
c:\users\kimjungrye\desktop\swe\se\project\membermanagementui.cpp(53): error C2065: 'memList': 선언되지 않은 식별자입니다.
c:\users\kimjungrye\desktop\swe\se\project\membermanagementui.cpp(53): error C2182: 'selectSignUp': 'void' 형식을 잘못 사용했습니다.
c:\users\kimjungrye\desktop\swe\se\project\membermanagementui.cpp(53): error C2448: 'selectSignUp': 함수 스타일 이니셜라이저가 함수 정의처럼 나타납니다.
  RecruitmentList.cpp
c:\users\kimjungrye\desktop\swe\se\project\recruitmentlist.cpp(15): error C2679: 이항 '=': 오른쪽 피연산자로 'Recruitment *' 형식을 사용하는 연산자가 없거나 허용되는 변환이 없습니다.
  c:\users\kimjungrye\desktop\swe\se\project\recruitment.h(23): note: 'Recruitment &Recruitment::operator =(Recruitment &&)'일 수 있습니다.
  c:\users\kimjungrye\desktop\swe\se\project\recruitment.h(23): note: 또는       'Recruitment &Recruitment::operator =(const Recruitment &)'
  c:\users\kimjungrye\desktop\swe\se\project\recruitmentlist.cpp(15): note: 인수 목록 '(Recruitment, Recruitment *)'을(를) 일치시키는 동안
c:\users\kimjungrye\desktop\swe\se\project\recruitmentlist.cpp(25): error C2065: 'recuritmentList': 선언되지 않은 식별자입니다.
  RecruitmentManage.cpp
c:\users\kimjungrye\desktop\swe\se\project\recruitmentmanage.h(16): error C2061: 구문 오류: 식별자 'companyMember'
c:\users\kimjungrye\desktop\swe\se\project\recruitmentmanage.h(18): error C2061: 구문 오류: 식별자 'companyMember'
c:\users\kimjungrye\desktop\swe\se\project\recruitmentmanage.cpp(13): error C2065: 'companyMember': 선언되지 않은 식별자입니다.
c:\users\kimjungrye\desktop\swe\se\project\recruitmentmanage.cpp(13): error C2065: 'CM': 선언되지 않은 식별자입니다.
c:\users\kimjungrye\desktop\swe\se\project\recruitmentmanage.cpp(13): error C2761: 'void RecruitmentManage::showRecruitmentList(void)': 멤버를 재선언할 수 없습니다.
c:\users\kimjungrye\desktop\swe\se\project\recruitmentmanage.cpp(13): error C2448: 'RecruitmentManage::showRecruitmentList': 함수 스타일 이니셜라이저가 함수 정의처럼 나타납니다.
c:\users\kimjungrye\desktop\swe\se\project\recruitmentmanage.cpp(27): error C2065: 'companyMember': 선언되지 않은 식별자입니다.
c:\users\kimjungrye\desktop\swe\se\project\recruitmentmanage.cpp(27): error C2065: 'CM': 선언되지 않은 식별자입니다.
c:\users\kimjungrye\desktop\swe\se\project\recruitmentmanage.cpp(27): error C2761: 'void RecruitmentManage::addNewRecruitment(void)': 멤버를 재선언할 수 없습니다.
c:\users\kimjungrye\desktop\swe\se\project\recruitmentmanage.cpp(27): error C2448: 'RecruitmentManage::addNewRecruitment': 함수 스타일 이니셜라이저가 함수 정의처럼 나타납니다.
c:\users\kimjungrye\desktop\swe\se\project\recruitmentmanage.cpp(49): error C2039: 'searchRecruitStatistic': 'RecruitmentManage'의 멤버가 아닙니다.
  c:\users\kimjungrye\desktop\swe\se\project\recruitmentmanage.h(13): note: 'RecruitmentManage' 선언을 참조하십시오.
c:\users\kimjungrye\desktop\swe\se\project\recruitmentmanage.cpp(50): error C2065: 'Statistic': 선언되지 않은 식별자입니다.
c:\users\kimjungrye\desktop\swe\se\project\recruitmentmanage.cpp(50): error C2146: 구문 오류: ';'이(가) 'Stat' 식별자 앞에 없습니다.
c:\users\kimjungrye\desktop\swe\se\project\recruitmentmanage.cpp(50): error C2065: 'Stat': 선언되지 않은 식별자입니다.
c:\users\kimjungrye\desktop\swe\se\project\recruitmentmanage.cpp(50): error C2061: 구문 오류: 식별자 'Statistic'
c:\users\kimjungrye\desktop\swe\se\project\recruitmentmanage.cpp(51): error C2065: 'Stat': 선언되지 않은 식별자입니다.
  RecruitmentManageUI.cpp
c:\users\kimjungrye\desktop\swe\se\project\recruitmentmanage.h(16): error C2061: 구문 오류: 식별자 'companyMember'
c:\users\kimjungrye\desktop\swe\se\project\recruitmentmanage.h(18): error C2061: 구문 오류: 식별자 'companyMember'
c:\users\kimjungrye\desktop\swe\se\project\recruitmentmanageui.h(15): error C2061: 구문 오류: 식별자 'companyMember'
c:\users\kimjungrye\desktop\swe\se\project\recruitmentmanageui.h(17): error C2061: 구문 오류: 식별자 'companyMember'
c:\users\kimjungrye\desktop\swe\se\project\recruitmentmanageui.cpp(13): error C2065: 'companyMember': 선언되지 않은 식별자입니다.
c:\users\kimjungrye\desktop\swe\se\project\recruitmentmanageui.cpp(13): error C2065: 'CM': 선언되지 않은 식별자입니다.
c:\users\kimjungrye\desktop\swe\se\project\recruitmentmanageui.cpp(13): error C2761: 'void RecruitmentManageUI::selectShowRecruitmentList(void)': 멤버를 재선언할 수 없습니다.
c:\users\kimjungrye\desktop\swe\se\project\recruitmentmanageui.cpp(13): error C2448: 'RecruitmentManageUI::selectShowRecruitmentList': 함수 스타일 이니셜라이저가 함수 정의처럼 나타납니다.
c:\users\kimjungrye\desktop\swe\se\project\recruitmentmanageui.cpp(24): error C2065: 'companyMember': 선언되지 않은 식별자입니다.
c:\users\kimjungrye\desktop\swe\se\project\recruitmentmanageui.cpp(24): error C2065: 'CM': 선언되지 않은 식별자입니다.
c:\users\kimjungrye\desktop\swe\se\project\recruitmentmanageui.cpp(24): error C2761: 'void RecruitmentManageUI::selectAddRecruitment(void)': 멤버를 재선언할 수 없습니다.
c:\users\kimjungrye\desktop\swe\se\project\recruitmentmanageui.cpp(24): error C2448: 'RecruitmentManageUI::selectAddRecruitment': 함수 스타일 이니셜라이저가 함수 정의처럼 나타납니다.
c:\users\kimjungrye\desktop\swe\se\project\recruitmentmanageui.cpp(35): error C2039: 'selectRecruitStatistic': 'RecruitmentManageUI'의 멤버가 아닙니다.
  c:\users\kimjungrye\desktop\swe\se\project\recruitmentmanageui.h(12): note: 'RecruitmentManageUI' 선언을 참조하십시오.
c:\users\kimjungrye\desktop\swe\se\project\recruitmentmanageui.cpp(36): error C2440: '초기화 중': 'RecruitmentManage *'에서 'RecruitmentManage'(으)로 변환할 수 없습니다.
  c:\users\kimjungrye\desktop\swe\se\project\recruitmentmanageui.cpp(36): note: 소스 형식을 가져올 수 있는 생성자가 없거나 생성자 오버로드 확인이 모호합니다.
c:\users\kimjungrye\desktop\swe\se\project\recruitmentmanageui.cpp(38): error C2039: 'searchRecruitStatistic': 'RecruitmentManage'의 멤버가 아닙니다.
  c:\users\kimjungrye\desktop\swe\se\project\recruitmentmanage.h(13): note: 'RecruitmentManage' 선언을 참조하십시오.
  Statistic.cpp
c:\users\kimjungrye\desktop\swe\se\project\statistic.cpp(18): error C2228: '.numOfRecruitments' 왼쪽에는 클래스/구조체/공용 구조체가 있어야 합니다.
  c:\users\kimjungrye\desktop\swe\se\project\statistic.cpp(18): note: 'RecruitmentList *' 형식입니다.
  c:\users\kimjungrye\desktop\swe\se\project\statistic.cpp(18): note: 대신 '->'을(를) 사용하려고 했습니까?
c:\users\kimjungrye\desktop\swe\se\project\statistic.cpp(18): error C2059: 구문 오류: ')'
c:\users\kimjungrye\desktop\swe\se\project\statistic.cpp(18): error C2143: 구문 오류: ';'이(가) '{' 앞에 없습니다.
c:\users\kimjungrye\desktop\swe\se\project\statistic.cpp(24): error C2061: 구문 오류: 식별자 'part'
c:\users\kimjungrye\desktop\swe\se\project\statistic.cpp(24): error C2143: 구문 오류: ';'이(가) '{' 앞에 없습니다.
c:\users\kimjungrye\desktop\swe\se\project\statistic.cpp(49): error C2065: 'cout': 선언되지 않은 식별자입니다.
c:\users\kimjungrye\desktop\swe\se\project\statistic.cpp(62): error C2065: 'cout': 선언되지 않은 식별자입니다.
  RecruitmentSystem.cpp
c:\users\kimjungrye\desktop\swe\se\project\recruitmentsystem\recruitmentsystem\member.h(14): error C2061: 구문 오류: 식별자 'string'
c:\users\kimjungrye\desktop\swe\se\project\recruitmentsystem\recruitmentsystem\member.h(18): error C2061: 구문 오류: 식별자 'string'
c:\users\kimjungrye\desktop\swe\se\project\recruitmentsystem\recruitmentsystem\member.h(21): error C3646: 'ID': 알 수 없는 재정의 지정자입니다.
c:\users\kimjungrye\desktop\swe\se\project\recruitmentsystem\recruitmentsystem\member.h(21): error C4430: 형식 지정자가 없습니다. int로 가정합니다. 참고: C++에서는 기본 int를 지원하지 않습니다.
c:\users\kimjungrye\desktop\swe\se\project\recruitmentsystem\recruitmentsystem\member.h(22): error C3646: 'password': 알 수 없는 재정의 지정자입니다.
c:\users\kimjungrye\desktop\swe\se\project\recruitmentsystem\recruitmentsystem\member.h(22): error C4430: 형식 지정자가 없습니다. int로 가정합니다. 참고: C++에서는 기본 int를 지원하지 않습니다.
c:\users\kimjungrye\desktop\swe\se\project\recruitmentsystem\recruitmentsystem\generalmember.h(18): error C2061: 구문 오류: 식별자 'string'
c:\users\kimjungrye\desktop\swe\se\project\recruitmentsystem\recruitmentsystem\generalmember.h(19): error C2061: 구문 오류: 식별자 'Application'
c:\users\kimjungrye\desktop\swe\se\project\recruitmentsystem\recruitmentsystem\generalmember.h(21): error C2143: 구문 오류: ';'이(가) '*' 앞에 없습니다.
c:\users\kimjungrye\desktop\swe\se\project\recruitmentsystem\recruitmentsystem\generalmember.h(21): error C4430: 형식 지정자가 없습니다. int로 가정합니다. 참고: C++에서는 기본 int를 지원하지 않습니다.
c:\users\kimjungrye\desktop\swe\se\project\recruitmentsystem\recruitmentsystem\generalmember.h(21): error C2238: ';' 앞에 예기치 않은 토큰이 있습니다.
c:\users\kimjungrye\desktop\swe\se\project\recruitmentsystem\recruitmentsystem\generalmember.h(25): error C3646: 'applicationList': 알 수 없는 재정의 지정자입니다.
c:\users\kimjungrye\desktop\swe\se\project\recruitmentsystem\recruitmentsystem\generalmember.h(25): error C2143: 구문 오류: ','이(가) '[' 앞에 없습니다.
c:\users\kimjungrye\desktop\swe\se\project\recruitmentsystem\recruitmentsystem\generalmember.h(25): error C2143: 구문 오류: ')'이(가) ';' 앞에 없습니다.
c:\users\kimjungrye\desktop\swe\se\project\recruitmentsystem\recruitmentsystem\generalmember.h(25): error C2238: ';' 앞에 예기치 않은 토큰이 있습니다.
c:\users\kimjungrye\desktop\swe\se\project\recruitmentsystem\recruitmentsystem\generalmember.h(26): error C3646: 'name': 알 수 없는 재정의 지정자입니다.
c:\users\kimjungrye\desktop\swe\se\project\recruitmentsystem\recruitmentsystem\generalmember.h(26): error C4430: 형식 지정자가 없습니다. int로 가정합니다. 참고: C++에서는 기본 int를 지원하지 않습니다.
c:\users\kimjungrye\desktop\swe\se\project\recruitmentsystem\recruitmentsystem\recruitmentmanage.h(16): error C2061: 구문 오류: 식별자 'companyMember'
c:\users\kimjungrye\desktop\swe\se\project\recruitmentsystem\recruitmentsystem\recruitmentmanage.h(18): error C2061: 구문 오류: 식별자 'companyMember'
c:\users\kimjungrye\desktop\swe\se\project\recruitmentsystem\recruitmentsystem\recruitmentmanageui.h(15): error C2061: 구문 오류: 식별자 'companyMember'
c:\users\kimjungrye\desktop\swe\se\project\recruitmentsystem\recruitmentsystem\recruitmentmanageui.h(17): error C2061: 구문 오류: 식별자 'companyMember'
c:\users\kimjungrye\desktop\swe\se\project\recruitmentsystem\recruitmentsystem\recruitmentsystem.cpp(77): error C3861: 'join': 식별자를 찾을 수 없습니다.
  코드를 생성하고 있습니다...
